2025-09-07T17:46:02.707+08:00  INFO 14983 --- [crowd] [main] com.gugu.crowd.CrowdApplication          : Starting CrowdApplication using Java 17.0.16 with PID 14983 (/Users/gugu/idea/crowd/target/classes started by gugu in /Users/gugu/idea/crowd)
2025-09-07T17:46:02.708+08:00 DEBUG 14983 --- [crowd] [main] com.gugu.crowd.CrowdApplication          : Running with Spring Boot v3.5.5, Spring v6.2.10
2025-09-07T17:46:02.709+08:00  INFO 14983 --- [crowd] [main] com.gugu.crowd.CrowdApplication          : No active profile set, falling back to 1 default profile: "default"
2025-09-07T17:46:03.030+08:00  INFO 14983 --- [crowd] [main] o.s.b.w.embedded.tomcat.TomcatWebServer  : Tomcat initialized with port 8080 (http)
2025-09-07T17:46:03.037+08:00  INFO 14983 --- [crowd] [main] o.apache.catalina.core.StandardService   : Starting service [Tomcat]
2025-09-07T17:46:03.037+08:00  INFO 14983 --- [crowd] [main] o.apache.catalina.core.StandardEngine    : Starting Servlet engine: [Apache Tomcat/10.1.44]
2025-09-07T17:46:03.054+08:00  INFO 14983 --- [crowd] [main] o.a.c.c.C.[Tomcat].[localhost].[/crowd]  : Initializing Spring embedded WebApplicationContext
2025-09-07T17:46:03.054+08:00  INFO 14983 --- [crowd] [main] w.s.c.ServletWebServerApplicationContext : Root WebApplicationContext: initialization completed in 331 ms
2025-09-07T17:46:03.202+08:00  INFO 14983 --- [crowd] [main] o.s.v.b.OptionalValidatorFactoryBean     : Failed to set up a Bean Validation provider: jakarta.validation.NoProviderFoundException: Unable to create a Configuration, because no Jakarta Bean Validation provider could be found. Add a provider like Hibernate Validator (RI) to your classpath.
2025-09-07T17:46:03.304+08:00  INFO 14983 --- [crowd] [main] o.s.b.w.embedded.tomcat.TomcatWebServer  : Tomcat started on port 8080 (http) with context path '/crowd'
2025-09-07T17:46:03.308+08:00  INFO 14983 --- [crowd] [main] com.gugu.crowd.CrowdApplication          : Started CrowdApplication in 0.767 seconds (process running for 1.114)
2025-09-07T17:46:24.608+08:00  INFO 14983 --- [crowd] [http-nio-8080-exec-1] o.a.c.c.C.[Tomcat].[localhost].[/crowd]  : Initializing Spring DispatcherServlet 'dispatcherServlet'
2025-09-07T17:46:24.608+08:00  INFO 14983 --- [crowd] [http-nio-8080-exec-1] o.s.web.servlet.DispatcherServlet        : Initializing Servlet 'dispatcherServlet'
2025-09-07T17:46:24.609+08:00  INFO 14983 --- [crowd] [http-nio-8080-exec-1] o.s.web.servlet.DispatcherServlet        : Completed initialization in 1 ms
2025-09-07T17:46:24.646+08:00  INFO 14983 --- [crowd] [http-nio-8080-exec-1] com.zaxxer.hikari.HikariDataSource       : HikariPool-1 - Starting...
2025-09-07T17:46:24.700+08:00  INFO 14983 --- [crowd] [http-nio-8080-exec-1] com.zaxxer.hikari.pool.HikariPool        : HikariPool-1 - Added connection org.postgresql.jdbc.PgConnection@3c852f83
2025-09-07T17:46:24.700+08:00  INFO 14983 --- [crowd] [http-nio-8080-exec-1] com.zaxxer.hikari.HikariDataSource       : HikariPool-1 - Start completed.
2025-09-07T17:46:24.703+08:00 DEBUG 14983 --- [crowd] [http-nio-8080-exec-1] c.g.crowd.mapper.UserMapper.selectList   : ==>  Preparing: SELECT id,name,age FROM users
2025-09-07T17:46:24.708+08:00 DEBUG 14983 --- [crowd] [http-nio-8080-exec-1] c.g.crowd.mapper.UserMapper.selectList   : ==> Parameters: 
2025-09-07T17:46:24.717+08:00 DEBUG 14983 --- [crowd] [http-nio-8080-exec-1] c.g.crowd.mapper.UserMapper.selectList   : <==      Total: 1
2025-09-07T17:48:53.555+08:00  INFO 14983 --- [crowd] [SpringApplicationShutdownHook] o.s.b.w.e.tomcat.GracefulShutdown        : Commencing graceful shutdown. Waiting for active requests to complete
2025-09-07T17:48:53.556+08:00  INFO 14983 --- [crowd] [tomcat-shutdown] o.s.b.w.e.tomcat.GracefulShutdown        : Graceful shutdown complete
2025-09-07T17:48:53.558+08:00  INFO 14983 --- [crowd] [SpringApplicationShutdownHook] com.zaxxer.hikari.HikariDataSource       : HikariPool-1 - Shutdown initiated...
2025-09-07T17:48:53.559+08:00  INFO 14983 --- [crowd] [SpringApplicationShutdownHook] com.zaxxer.hikari.HikariDataSource       : HikariPool-1 - Shutdown completed.
2025-09-07T19:46:09.336+08:00  INFO 15376 --- [crowd] [main] com.gugu.crowd.CrowdApplication          : Starting CrowdApplication using Java 17.0.16 with PID 15376 (/Users/gugu/idea/crowd/target/classes started by gugu in /Users/gugu/idea/crowd)
2025-09-07T19:46:09.337+08:00 DEBUG 15376 --- [crowd] [main] com.gugu.crowd.CrowdApplication          : Running with Spring Boot v3.5.5, Spring v6.2.10
2025-09-07T19:46:09.338+08:00  INFO 15376 --- [crowd] [main] com.gugu.crowd.CrowdApplication          : No active profile set, falling back to 1 default profile: "default"
2025-09-07T19:46:10.030+08:00  INFO 15376 --- [crowd] [main] o.s.b.w.embedded.tomcat.TomcatWebServer  : Tomcat initialized with port 8080 (http)
2025-09-07T19:46:10.038+08:00  INFO 15376 --- [crowd] [main] o.apache.catalina.core.StandardService   : Starting service [Tomcat]
2025-09-07T19:46:10.039+08:00  INFO 15376 --- [crowd] [main] o.apache.catalina.core.StandardEngine    : Starting Servlet engine: [Apache Tomcat/10.1.44]
2025-09-07T19:46:10.064+08:00  INFO 15376 --- [crowd] [main] o.a.c.c.C.[Tomcat].[localhost].[/crowd]  : Initializing Spring embedded WebApplicationContext
2025-09-07T19:46:10.064+08:00  INFO 15376 --- [crowd] [main] w.s.c.ServletWebServerApplicationContext : Root WebApplicationContext: initialization completed in 696 ms
2025-09-07T19:46:10.349+08:00  INFO 15376 --- [crowd] [main] o.s.v.b.OptionalValidatorFactoryBean     : Failed to set up a Bean Validation provider: jakarta.validation.NoProviderFoundException: Unable to create a Configuration, because no Jakarta Bean Validation provider could be found. Add a provider like Hibernate Validator (RI) to your classpath.
2025-09-07T19:46:10.646+08:00  INFO 15376 --- [crowd] [main] o.s.b.w.embedded.tomcat.TomcatWebServer  : Tomcat started on port 8080 (http) with context path '/crowd'
2025-09-07T19:46:10.655+08:00  INFO 15376 --- [crowd] [main] com.gugu.crowd.CrowdApplication          : Started CrowdApplication in 1.727 seconds (process running for 2.631)
2025-09-07T19:47:26.189+08:00  INFO 15376 --- [crowd] [http-nio-8080-exec-1] o.a.c.c.C.[Tomcat].[localhost].[/crowd]  : Initializing Spring DispatcherServlet 'dispatcherServlet'
2025-09-07T19:47:26.189+08:00  INFO 15376 --- [crowd] [http-nio-8080-exec-1] o.s.web.servlet.DispatcherServlet        : Initializing Servlet 'dispatcherServlet'
2025-09-07T19:47:26.190+08:00  INFO 15376 --- [crowd] [http-nio-8080-exec-1] o.s.web.servlet.DispatcherServlet        : Completed initialization in 1 ms
2025-09-07T19:47:26.245+08:00  INFO 15376 --- [crowd] [http-nio-8080-exec-1] com.zaxxer.hikari.HikariDataSource       : HikariPool-1 - Starting...
2025-09-07T19:47:26.338+08:00  INFO 15376 --- [crowd] [http-nio-8080-exec-1] com.zaxxer.hikari.pool.HikariPool        : HikariPool-1 - Added connection org.postgresql.jdbc.PgConnection@4054a080
2025-09-07T19:47:26.339+08:00  INFO 15376 --- [crowd] [http-nio-8080-exec-1] com.zaxxer.hikari.HikariDataSource       : HikariPool-1 - Start completed.
2025-09-07T19:47:26.344+08:00 DEBUG 15376 --- [crowd] [http-nio-8080-exec-1] c.g.crowd.mapper.UserMapper.selectList   : ==>  Preparing: SELECT id,name,age FROM users
2025-09-07T19:47:26.354+08:00 DEBUG 15376 --- [crowd] [http-nio-8080-exec-1] c.g.crowd.mapper.UserMapper.selectList   : ==> Parameters: 
2025-09-07T19:47:26.365+08:00 DEBUG 15376 --- [crowd] [http-nio-8080-exec-1] c.g.crowd.mapper.UserMapper.selectList   : <==      Total: 1
2025-09-07T19:53:47.648+08:00  INFO 15376 --- [crowd] [SpringApplicationShutdownHook] o.s.b.w.e.tomcat.GracefulShutdown        : Commencing graceful shutdown. Waiting for active requests to complete
2025-09-07T19:53:47.650+08:00  INFO 15376 --- [crowd] [tomcat-shutdown] o.s.b.w.e.tomcat.GracefulShutdown        : Graceful shutdown complete
2025-09-07T19:53:47.653+08:00  INFO 15376 --- [crowd] [SpringApplicationShutdownHook] com.zaxxer.hikari.HikariDataSource       : HikariPool-1 - Shutdown initiated...
2025-09-07T19:53:47.654+08:00  INFO 15376 --- [crowd] [SpringApplicationShutdownHook] com.zaxxer.hikari.HikariDataSource       : HikariPool-1 - Shutdown completed.
2025-09-07T19:53:51.108+08:00  INFO 15427 --- [crowd] [main] com.gugu.crowd.CrowdApplication          : Starting CrowdApplication using Java 17.0.16 with PID 15427 (/Users/gugu/idea/crowd/target/classes started by gugu in /Users/gugu/idea/crowd)
2025-09-07T19:53:51.109+08:00 DEBUG 15427 --- [crowd] [main] com.gugu.crowd.CrowdApplication          : Running with Spring Boot v3.5.5, Spring v6.2.10
2025-09-07T19:53:51.110+08:00  INFO 15427 --- [crowd] [main] com.gugu.crowd.CrowdApplication          : No active profile set, falling back to 1 default profile: "default"
2025-09-07T19:53:51.839+08:00  INFO 15427 --- [crowd] [main] o.s.b.w.embedded.tomcat.TomcatWebServer  : Tomcat initialized with port 8080 (http)
2025-09-07T19:53:51.848+08:00  INFO 15427 --- [crowd] [main] o.apache.catalina.core.StandardService   : Starting service [Tomcat]
2025-09-07T19:53:51.848+08:00  INFO 15427 --- [crowd] [main] o.apache.catalina.core.StandardEngine    : Starting Servlet engine: [Apache Tomcat/10.1.44]
2025-09-07T19:53:51.875+08:00  INFO 15427 --- [crowd] [main] o.a.c.c.C.[Tomcat].[localhost].[/crowd]  : Initializing Spring embedded WebApplicationContext
2025-09-07T19:53:51.876+08:00  INFO 15427 --- [crowd] [main] w.s.c.ServletWebServerApplicationContext : Root WebApplicationContext: initialization completed in 738 ms
2025-09-07T19:53:52.195+08:00  INFO 15427 --- [crowd] [main] o.s.v.b.OptionalValidatorFactoryBean     : Failed to set up a Bean Validation provider: jakarta.validation.NoProviderFoundException: Unable to create a Configuration, because no Jakarta Bean Validation provider could be found. Add a provider like Hibernate Validator (RI) to your classpath.
2025-09-07T19:53:52.423+08:00  INFO 15427 --- [crowd] [main] o.s.b.w.embedded.tomcat.TomcatWebServer  : Tomcat started on port 8080 (http) with context path '/crowd'
2025-09-07T19:53:52.431+08:00  INFO 15427 --- [crowd] [main] com.gugu.crowd.CrowdApplication          : Started CrowdApplication in 1.634 seconds (process running for 2.491)
2025-09-07T19:54:16.598+08:00  INFO 15427 --- [crowd] [http-nio-8080-exec-3] o.a.c.c.C.[Tomcat].[localhost].[/crowd]  : Initializing Spring DispatcherServlet 'dispatcherServlet'
2025-09-07T19:54:16.598+08:00  INFO 15427 --- [crowd] [http-nio-8080-exec-3] o.s.web.servlet.DispatcherServlet        : Initializing Servlet 'dispatcherServlet'
2025-09-07T19:54:16.600+08:00  INFO 15427 --- [crowd] [http-nio-8080-exec-3] o.s.web.servlet.DispatcherServlet        : Completed initialization in 2 ms
2025-09-07T19:54:16.989+08:00  INFO 15427 --- [crowd] [http-nio-8080-exec-2] o.springdoc.api.AbstractOpenApiResource  : Init duration for springdoc-openapi is: 131 ms
2025-09-07T19:54:44.363+08:00  INFO 15427 --- [crowd] [SpringApplicationShutdownHook] o.s.b.w.e.tomcat.GracefulShutdown        : Commencing graceful shutdown. Waiting for active requests to complete
2025-09-07T19:54:44.368+08:00  INFO 15427 --- [crowd] [tomcat-shutdown] o.s.b.w.e.tomcat.GracefulShutdown        : Graceful shutdown complete
2025-09-07T19:54:46.869+08:00  INFO 15439 --- [crowd] [main] com.gugu.crowd.CrowdApplication          : Starting CrowdApplication using Java 17.0.16 with PID 15439 (/Users/gugu/idea/crowd/target/classes started by gugu in /Users/gugu/idea/crowd)
2025-09-07T19:54:46.870+08:00 DEBUG 15439 --- [crowd] [main] com.gugu.crowd.CrowdApplication          : Running with Spring Boot v3.5.5, Spring v6.2.10
2025-09-07T19:54:46.871+08:00  INFO 15439 --- [crowd] [main] com.gugu.crowd.CrowdApplication          : No active profile set, falling back to 1 default profile: "default"
2025-09-07T19:54:47.557+08:00  INFO 15439 --- [crowd] [main] o.s.b.w.embedded.tomcat.TomcatWebServer  : Tomcat initialized with port 8080 (http)
2025-09-07T19:54:47.565+08:00  INFO 15439 --- [crowd] [main] o.apache.catalina.core.StandardService   : Starting service [Tomcat]
2025-09-07T19:54:47.565+08:00  INFO 15439 --- [crowd] [main] o.apache.catalina.core.StandardEngine    : Starting Servlet engine: [Apache Tomcat/10.1.44]
2025-09-07T19:54:47.591+08:00  INFO 15439 --- [crowd] [main] o.a.c.c.C.[Tomcat].[localhost].[/crowd]  : Initializing Spring embedded WebApplicationContext
2025-09-07T19:54:47.591+08:00  INFO 15439 --- [crowd] [main] w.s.c.ServletWebServerApplicationContext : Root WebApplicationContext: initialization completed in 694 ms
2025-09-07T19:54:47.902+08:00  INFO 15439 --- [crowd] [main] o.s.v.b.OptionalValidatorFactoryBean     : Failed to set up a Bean Validation provider: jakarta.validation.NoProviderFoundException: Unable to create a Configuration, because no Jakarta Bean Validation provider could be found. Add a provider like Hibernate Validator (RI) to your classpath.
2025-09-07T19:54:48.132+08:00  INFO 15439 --- [crowd] [main] o.s.b.w.embedded.tomcat.TomcatWebServer  : Tomcat started on port 8080 (http) with context path '/crowd'
2025-09-07T19:54:48.140+08:00  INFO 15439 --- [crowd] [main] com.gugu.crowd.CrowdApplication          : Started CrowdApplication in 1.558 seconds (process running for 2.339)
2025-09-07T19:55:04.713+08:00  INFO 15439 --- [crowd] [http-nio-8080-exec-1] o.a.c.c.C.[Tomcat].[localhost].[/crowd]  : Initializing Spring DispatcherServlet 'dispatcherServlet'
2025-09-07T19:55:04.714+08:00  INFO 15439 --- [crowd] [http-nio-8080-exec-1] o.s.web.servlet.DispatcherServlet        : Initializing Servlet 'dispatcherServlet'
2025-09-07T19:55:04.714+08:00  INFO 15439 --- [crowd] [http-nio-8080-exec-1] o.s.web.servlet.DispatcherServlet        : Completed initialization in 0 ms
2025-09-07T19:55:04.916+08:00  INFO 15439 --- [crowd] [http-nio-8080-exec-4] o.springdoc.api.AbstractOpenApiResource  : Init duration for springdoc-openapi is: 80 ms
2025-09-07T20:45:13.183+08:00  INFO 15439 --- [crowd] [SpringApplicationShutdownHook] o.s.b.w.e.tomcat.GracefulShutdown        : Commencing graceful shutdown. Waiting for active requests to complete
2025-09-07T20:45:13.186+08:00  INFO 15439 --- [crowd] [tomcat-shutdown] o.s.b.w.e.tomcat.GracefulShutdown        : Graceful shutdown complete
2025-09-07T21:45:28.397+08:00  INFO 19823 --- [crowd] [main] com.gugu.crowd.CrowdApplication          : Starting CrowdApplication using Java 17.0.16 with PID 19823 (/Users/gugu/idea/crowd/target/classes started by gugu in /Users/gugu/idea/crowd)
2025-09-07T21:45:28.398+08:00 DEBUG 19823 --- [crowd] [main] com.gugu.crowd.CrowdApplication          : Running with Spring Boot v3.5.5, Spring v6.2.10
2025-09-07T21:45:28.399+08:00  INFO 19823 --- [crowd] [main] com.gugu.crowd.CrowdApplication          : No active profile set, falling back to 1 default profile: "default"
2025-09-07T21:45:28.790+08:00  INFO 19823 --- [crowd] [main] o.s.b.w.embedded.tomcat.TomcatWebServer  : Tomcat initialized with port 8080 (http)
2025-09-07T21:45:28.795+08:00  INFO 19823 --- [crowd] [main] o.apache.catalina.core.StandardService   : Starting service [Tomcat]
2025-09-07T21:45:28.796+08:00  INFO 19823 --- [crowd] [main] o.apache.catalina.core.StandardEngine    : Starting Servlet engine: [Apache Tomcat/10.1.44]
2025-09-07T21:45:28.813+08:00  INFO 19823 --- [crowd] [main] o.a.c.c.C.[Tomcat].[localhost].[/crowd]  : Initializing Spring embedded WebApplicationContext
2025-09-07T21:45:28.813+08:00  INFO 19823 --- [crowd] [main] w.s.c.ServletWebServerApplicationContext : Root WebApplicationContext: initialization completed in 396 ms
2025-09-07T21:45:28.921+08:00  WARN 19823 --- [crowd] [main] ConfigServletWebServerApplicationContext : Exception encountered during context initialization - cancelling refresh attempt: org.springframework.beans.factory.UnsatisfiedDependencyException: Error creating bean with name 'testController': Unsatisfied dependency expressed through field 'testService': Error creating bean with name 'testServiceImpl': Unsatisfied dependency expressed through field 'hiveRepository': No qualifying bean of type 'com.gugu.asset.dao.HiveRepository' available: expected at least 1 bean which qualifies as autowire candidate. Dependency annotations: {@org.springframework.beans.factory.annotation.Autowired(required=true)}
2025-09-07T21:45:28.922+08:00  INFO 19823 --- [crowd] [main] o.apache.catalina.core.StandardService   : Stopping service [Tomcat]
2025-09-07T21:45:28.928+08:00  INFO 19823 --- [crowd] [main] .s.b.a.l.ConditionEvaluationReportLogger : 

Error starting ApplicationContext. To display the condition evaluation report re-run your application with 'debug' enabled.
2025-09-07T21:45:28.935+08:00 ERROR 19823 --- [crowd] [main] o.s.b.d.LoggingFailureAnalysisReporter   : 

***************************
APPLICATION FAILED TO START
***************************

Description:

Field hiveRepository in com.gugu.crowd.service.impl.TestServiceImpl required a bean of type 'com.gugu.asset.dao.HiveRepository' that could not be found.

The injection point has the following annotations:
	- @org.springframework.beans.factory.annotation.Autowired(required=true)


Action:

Consider defining a bean of type 'com.gugu.asset.dao.HiveRepository' in your configuration.

2025-09-07T21:48:17.328+08:00  INFO 19840 --- [crowd] [main] com.gugu.crowd.CrowdApplication          : Starting CrowdApplication using Java 17.0.16 with PID 19840 (/Users/gugu/idea/crowd/target/classes started by gugu in /Users/gugu/idea/crowd)
2025-09-07T21:48:17.329+08:00 DEBUG 19840 --- [crowd] [main] com.gugu.crowd.CrowdApplication          : Running with Spring Boot v3.5.5, Spring v6.2.10
2025-09-07T21:48:17.329+08:00  INFO 19840 --- [crowd] [main] com.gugu.crowd.CrowdApplication          : No active profile set, falling back to 1 default profile: "default"
2025-09-07T21:48:17.700+08:00  INFO 19840 --- [crowd] [main] o.s.b.w.embedded.tomcat.TomcatWebServer  : Tomcat initialized with port 8080 (http)
2025-09-07T21:48:17.706+08:00  INFO 19840 --- [crowd] [main] o.apache.catalina.core.StandardService   : Starting service [Tomcat]
2025-09-07T21:48:17.706+08:00  INFO 19840 --- [crowd] [main] o.apache.catalina.core.StandardEngine    : Starting Servlet engine: [Apache Tomcat/10.1.44]
2025-09-07T21:48:17.725+08:00  INFO 19840 --- [crowd] [main] o.a.c.c.C.[Tomcat].[localhost].[/crowd]  : Initializing Spring embedded WebApplicationContext
2025-09-07T21:48:17.725+08:00  INFO 19840 --- [crowd] [main] w.s.c.ServletWebServerApplicationContext : Root WebApplicationContext: initialization completed in 379 ms
2025-09-07T21:48:17.887+08:00  INFO 19840 --- [crowd] [main] o.s.v.b.OptionalValidatorFactoryBean     : Failed to set up a Bean Validation provider: jakarta.validation.NoProviderFoundException: Unable to create a Configuration, because no Jakarta Bean Validation provider could be found. Add a provider like Hibernate Validator (RI) to your classpath.
2025-09-07T21:48:18.029+08:00  INFO 19840 --- [crowd] [main] o.s.b.w.embedded.tomcat.TomcatWebServer  : Tomcat started on port 8080 (http) with context path '/crowd'
2025-09-07T21:48:18.033+08:00  INFO 19840 --- [crowd] [main] com.gugu.crowd.CrowdApplication          : Started CrowdApplication in 0.865 seconds (process running for 1.226)
2025-09-07T21:48:33.413+08:00  INFO 19840 --- [crowd] [http-nio-8080-exec-1] o.a.c.c.C.[Tomcat].[localhost].[/crowd]  : Initializing Spring DispatcherServlet 'dispatcherServlet'
2025-09-07T21:48:33.413+08:00  INFO 19840 --- [crowd] [http-nio-8080-exec-1] o.s.web.servlet.DispatcherServlet        : Initializing Servlet 'dispatcherServlet'
2025-09-07T21:48:33.414+08:00  INFO 19840 --- [crowd] [http-nio-8080-exec-1] o.s.web.servlet.DispatcherServlet        : Completed initialization in 1 ms
2025-09-07T21:48:33.665+08:00  INFO 19840 --- [crowd] [http-nio-8080-exec-4] o.springdoc.api.AbstractOpenApiResource  : Init duration for springdoc-openapi is: 68 ms
2025-09-07T21:48:39.920+08:00 ERROR 19840 --- [crowd] [http-nio-8080-exec-5] com.zaxxer.hikari.HikariConfig           : HikariPool-1 - jdbcUrl is required with driverClassName.
2025-09-07T21:48:39.925+08:00 ERROR 19840 --- [crowd] [http-nio-8080-exec-5] o.a.c.c.C.[.[.[.[dispatcherServlet]      : Servlet.service() for servlet [dispatcherServlet] in context with path [/crowd] threw exception [Request processing failed: java.lang.IllegalArgumentException: jdbcUrl is required with driverClassName.] with root cause

java.lang.IllegalArgumentException: jdbcUrl is required with driverClassName.
	at com.zaxxer.hikari.HikariConfig.validate(HikariConfig.java:1080) ~[HikariCP-6.3.2.jar:na]
	at com.zaxxer.hikari.HikariDataSource.getConnection(HikariDataSource.java:108) ~[HikariCP-6.3.2.jar:na]
	at org.springframework.jdbc.datasource.DataSourceUtils.fetchConnection(DataSourceUtils.java:160) ~[spring-jdbc-6.2.10.jar:6.2.10]
	at org.springframework.jdbc.datasource.DataSourceUtils.doGetConnection(DataSourceUtils.java:118) ~[spring-jdbc-6.2.10.jar:6.2.10]
	at org.springframework.jdbc.datasource.DataSourceUtils.getConnection(DataSourceUtils.java:81) ~[spring-jdbc-6.2.10.jar:6.2.10]
	at org.springframework.jdbc.core.JdbcTemplate.execute(JdbcTemplate.java:388) ~[spring-jdbc-6.2.10.jar:6.2.10]
	at org.springframework.jdbc.core.JdbcTemplate.execute(JdbcTemplate.java:444) ~[spring-jdbc-6.2.10.jar:6.2.10]
	at com.gugu.asset.dao.HiveRepository.createTable(HiveRepository.java:29) ~[classes/:na]
	at java.base/jdk.internal.reflect.NativeMethodAccessorImpl.invoke0(Native Method) ~[na:na]
	at java.base/jdk.internal.reflect.NativeMethodAccessorImpl.invoke(NativeMethodAccessorImpl.java:77) ~[na:na]
	at java.base/jdk.internal.reflect.DelegatingMethodAccessorImpl.invoke(DelegatingMethodAccessorImpl.java:43) ~[na:na]
	at java.base/java.lang.reflect.Method.invoke(Method.java:569) ~[na:na]
	at org.springframework.aop.support.AopUtils.invokeJoinpointUsingReflection(AopUtils.java:360) ~[spring-aop-6.2.10.jar:6.2.10]
	at org.springframework.aop.framework.ReflectiveMethodInvocation.invokeJoinpoint(ReflectiveMethodInvocation.java:196) ~[spring-aop-6.2.10.jar:6.2.10]
	at org.springframework.aop.framework.ReflectiveMethodInvocation.proceed(ReflectiveMethodInvocation.java:163) ~[spring-aop-6.2.10.jar:6.2.10]
	at org.springframework.dao.support.PersistenceExceptionTranslationInterceptor.invoke(PersistenceExceptionTranslationInterceptor.java:138) ~[spring-tx-6.2.10.jar:6.2.10]
	at org.springframework.aop.framework.ReflectiveMethodInvocation.proceed(ReflectiveMethodInvocation.java:184) ~[spring-aop-6.2.10.jar:6.2.10]
	at org.springframework.aop.framework.CglibAopProxy$DynamicAdvisedInterceptor.intercept(CglibAopProxy.java:728) ~[spring-aop-6.2.10.jar:6.2.10]
	at com.gugu.asset.dao.HiveRepository$$SpringCGLIB$$0.createTable(<generated>) ~[classes/:na]
	at com.gugu.crowd.service.impl.TestServiceImpl.testHive(TestServiceImpl.java:26) ~[classes/:na]
	at java.base/jdk.internal.reflect.NativeMethodAccessorImpl.invoke0(Native Method) ~[na:na]
	at java.base/jdk.internal.reflect.NativeMethodAccessorImpl.invoke(NativeMethodAccessorImpl.java:77) ~[na:na]
	at java.base/jdk.internal.reflect.DelegatingMethodAccessorImpl.invoke(DelegatingMethodAccessorImpl.java:43) ~[na:na]
	at java.base/java.lang.reflect.Method.invoke(Method.java:569) ~[na:na]
	at org.springframework.aop.support.AopUtils.invokeJoinpointUsingReflection(AopUtils.java:360) ~[spring-aop-6.2.10.jar:6.2.10]
	at org.springframework.aop.framework.CglibAopProxy$DynamicAdvisedInterceptor.intercept(CglibAopProxy.java:724) ~[spring-aop-6.2.10.jar:6.2.10]
	at com.gugu.crowd.service.impl.TestServiceImpl$$SpringCGLIB$$0.testHive(<generated>) ~[classes/:na]
	at com.gugu.crowd.controller.TestController.testHive(TestController.java:30) ~[classes/:na]
	at java.base/jdk.internal.reflect.NativeMethodAccessorImpl.invoke0(Native Method) ~[na:na]
	at java.base/jdk.internal.reflect.NativeMethodAccessorImpl.invoke(NativeMethodAccessorImpl.java:77) ~[na:na]
	at java.base/jdk.internal.reflect.DelegatingMethodAccessorImpl.invoke(DelegatingMethodAccessorImpl.java:43) ~[na:na]
	at java.base/java.lang.reflect.Method.invoke(Method.java:569) ~[na:na]
	at org.springframework.web.method.support.InvocableHandlerMethod.doInvoke(InvocableHandlerMethod.java:258) ~[spring-web-6.2.10.jar:6.2.10]
	at org.springframework.web.method.support.InvocableHandlerMethod.invokeForRequest(InvocableHandlerMethod.java:191) ~[spring-web-6.2.10.jar:6.2.10]
	at org.springframework.web.servlet.mvc.method.annotation.ServletInvocableHandlerMethod.invokeAndHandle(ServletInvocableHandlerMethod.java:118) ~[spring-webmvc-6.2.10.jar:6.2.10]
	at org.springframework.web.servlet.mvc.method.annotation.RequestMappingHandlerAdapter.invokeHandlerMethod(RequestMappingHandlerAdapter.java:991) ~[spring-webmvc-6.2.10.jar:6.2.10]
	at org.springframework.web.servlet.mvc.method.annotation.RequestMappingHandlerAdapter.handleInternal(RequestMappingHandlerAdapter.java:896) ~[spring-webmvc-6.2.10.jar:6.2.10]
	at org.springframework.web.servlet.mvc.method.AbstractHandlerMethodAdapter.handle(AbstractHandlerMethodAdapter.java:87) ~[spring-webmvc-6.2.10.jar:6.2.10]
	at org.springframework.web.servlet.DispatcherServlet.doDispatch(DispatcherServlet.java:1089) ~[spring-webmvc-6.2.10.jar:6.2.10]
	at org.springframework.web.servlet.DispatcherServlet.doService(DispatcherServlet.java:979) ~[spring-webmvc-6.2.10.jar:6.2.10]
	at org.springframework.web.servlet.FrameworkServlet.processRequest(FrameworkServlet.java:1014) ~[spring-webmvc-6.2.10.jar:6.2.10]
	at org.springframework.web.servlet.FrameworkServlet.doGet(FrameworkServlet.java:903) ~[spring-webmvc-6.2.10.jar:6.2.10]
	at jakarta.servlet.http.HttpServlet.service(HttpServlet.java:564) ~[tomcat-embed-core-10.1.44.jar:6.0]
	at org.springframework.web.servlet.FrameworkServlet.service(FrameworkServlet.java:885) ~[spring-webmvc-6.2.10.jar:6.2.10]
	at jakarta.servlet.http.HttpServlet.service(HttpServlet.java:658) ~[tomcat-embed-core-10.1.44.jar:6.0]
	at org.apache.catalina.core.ApplicationFilterChain.internalDoFilter(ApplicationFilterChain.java:195) ~[tomcat-embed-core-10.1.44.jar:10.1.44]
	at org.apache.catalina.core.ApplicationFilterChain.doFilter(ApplicationFilterChain.java:140) ~[tomcat-embed-core-10.1.44.jar:10.1.44]
	at org.apache.tomcat.websocket.server.WsFilter.doFilter(WsFilter.java:51) ~[tomcat-embed-websocket-10.1.44.jar:10.1.44]
	at org.apache.catalina.core.ApplicationFilterChain.internalDoFilter(ApplicationFilterChain.java:164) ~[tomcat-embed-core-10.1.44.jar:10.1.44]
	at org.apache.catalina.core.ApplicationFilterChain.doFilter(ApplicationFilterChain.java:140) ~[tomcat-embed-core-10.1.44.jar:10.1.44]
	at org.springframework.web.filter.RequestContextFilter.doFilterInternal(RequestContextFilter.java:100) ~[spring-web-6.2.10.jar:6.2.10]
	at org.springframework.web.filter.OncePerRequestFilter.doFilter(OncePerRequestFilter.java:116) ~[spring-web-6.2.10.jar:6.2.10]
	at org.apache.catalina.core.ApplicationFilterChain.internalDoFilter(ApplicationFilterChain.java:164) ~[tomcat-embed-core-10.1.44.jar:10.1.44]
	at org.apache.catalina.core.ApplicationFilterChain.doFilter(ApplicationFilterChain.java:140) ~[tomcat-embed-core-10.1.44.jar:10.1.44]
	at org.springframework.web.filter.FormContentFilter.doFilterInternal(FormContentFilter.java:93) ~[spring-web-6.2.10.jar:6.2.10]
	at org.springframework.web.filter.OncePerRequestFilter.doFilter(OncePerRequestFilter.java:116) ~[spring-web-6.2.10.jar:6.2.10]
	at org.apache.catalina.core.ApplicationFilterChain.internalDoFilter(ApplicationFilterChain.java:164) ~[tomcat-embed-core-10.1.44.jar:10.1.44]
	at org.apache.catalina.core.ApplicationFilterChain.doFilter(ApplicationFilterChain.java:140) ~[tomcat-embed-core-10.1.44.jar:10.1.44]
	at org.springframework.web.filter.CharacterEncodingFilter.doFilterInternal(CharacterEncodingFilter.java:201) ~[spring-web-6.2.10.jar:6.2.10]
	at org.springframework.web.filter.OncePerRequestFilter.doFilter(OncePerRequestFilter.java:116) ~[spring-web-6.2.10.jar:6.2.10]
	at org.apache.catalina.core.ApplicationFilterChain.internalDoFilter(ApplicationFilterChain.java:164) ~[tomcat-embed-core-10.1.44.jar:10.1.44]
	at org.apache.catalina.core.ApplicationFilterChain.doFilter(ApplicationFilterChain.java:140) ~[tomcat-embed-core-10.1.44.jar:10.1.44]
	at org.apache.catalina.core.StandardWrapperValve.invoke(StandardWrapperValve.java:167) ~[tomcat-embed-core-10.1.44.jar:10.1.44]
	at org.apache.catalina.core.StandardContextValve.invoke(StandardContextValve.java:90) ~[tomcat-embed-core-10.1.44.jar:10.1.44]
	at org.apache.catalina.authenticator.AuthenticatorBase.invoke(AuthenticatorBase.java:483) ~[tomcat-embed-core-10.1.44.jar:10.1.44]
	at org.apache.catalina.core.StandardHostValve.invoke(StandardHostValve.java:116) ~[tomcat-embed-core-10.1.44.jar:10.1.44]
	at org.apache.catalina.valves.ErrorReportValve.invoke(ErrorReportValve.java:93) ~[tomcat-embed-core-10.1.44.jar:10.1.44]
	at org.apache.catalina.core.StandardEngineValve.invoke(StandardEngineValve.java:74) ~[tomcat-embed-core-10.1.44.jar:10.1.44]
	at org.apache.catalina.connector.CoyoteAdapter.service(CoyoteAdapter.java:344) ~[tomcat-embed-core-10.1.44.jar:10.1.44]
	at org.apache.coyote.http11.Http11Processor.service(Http11Processor.java:398) ~[tomcat-embed-core-10.1.44.jar:10.1.44]
	at org.apache.coyote.AbstractProcessorLight.process(AbstractProcessorLight.java:63) ~[tomcat-embed-core-10.1.44.jar:10.1.44]
	at org.apache.coyote.AbstractProtocol$ConnectionHandler.process(AbstractProtocol.java:903) ~[tomcat-embed-core-10.1.44.jar:10.1.44]
	at org.apache.tomcat.util.net.NioEndpoint$SocketProcessor.doRun(NioEndpoint.java:1769) ~[tomcat-embed-core-10.1.44.jar:10.1.44]
	at org.apache.tomcat.util.net.SocketProcessorBase.run(SocketProcessorBase.java:52) ~[tomcat-embed-core-10.1.44.jar:10.1.44]
	at org.apache.tomcat.util.threads.ThreadPoolExecutor.runWorker(ThreadPoolExecutor.java:1189) ~[tomcat-embed-core-10.1.44.jar:10.1.44]
	at org.apache.tomcat.util.threads.ThreadPoolExecutor$Worker.run(ThreadPoolExecutor.java:658) ~[tomcat-embed-core-10.1.44.jar:10.1.44]
	at org.apache.tomcat.util.threads.TaskThread$WrappingRunnable.run(TaskThread.java:63) ~[tomcat-embed-core-10.1.44.jar:10.1.44]
	at java.base/java.lang.Thread.run(Thread.java:840) ~[na:na]

2025-09-07T21:50:11.373+08:00  INFO 19840 --- [crowd] [SpringApplicationShutdownHook] o.s.b.w.e.tomcat.GracefulShutdown        : Commencing graceful shutdown. Waiting for active requests to complete
2025-09-07T21:50:11.376+08:00  INFO 19840 --- [crowd] [tomcat-shutdown] o.s.b.w.e.tomcat.GracefulShutdown        : Graceful shutdown complete
2025-09-07T21:50:12.583+08:00  INFO 19850 --- [crowd] [main] com.gugu.crowd.CrowdApplication          : Starting CrowdApplication using Java 17.0.16 with PID 19850 (/Users/gugu/idea/crowd/target/classes started by gugu in /Users/gugu/idea/crowd)
2025-09-07T21:50:12.584+08:00 DEBUG 19850 --- [crowd] [main] com.gugu.crowd.CrowdApplication          : Running with Spring Boot v3.5.5, Spring v6.2.10
2025-09-07T21:50:12.584+08:00  INFO 19850 --- [crowd] [main] com.gugu.crowd.CrowdApplication          : No active profile set, falling back to 1 default profile: "default"
2025-09-07T21:50:12.969+08:00  INFO 19850 --- [crowd] [main] o.s.b.w.embedded.tomcat.TomcatWebServer  : Tomcat initialized with port 8080 (http)
2025-09-07T21:50:12.973+08:00  INFO 19850 --- [crowd] [main] o.apache.catalina.core.StandardService   : Starting service [Tomcat]
2025-09-07T21:50:12.973+08:00  INFO 19850 --- [crowd] [main] o.apache.catalina.core.StandardEngine    : Starting Servlet engine: [Apache Tomcat/10.1.44]
2025-09-07T21:50:12.990+08:00  INFO 19850 --- [crowd] [main] o.a.c.c.C.[Tomcat].[localhost].[/crowd]  : Initializing Spring embedded WebApplicationContext
2025-09-07T21:50:12.991+08:00  INFO 19850 --- [crowd] [main] w.s.c.ServletWebServerApplicationContext : Root WebApplicationContext: initialization completed in 386 ms
2025-09-07T21:52:15.020+08:00  INFO 19850 --- [crowd] [main] o.s.v.b.OptionalValidatorFactoryBean     : Failed to set up a Bean Validation provider: jakarta.validation.NoProviderFoundException: Unable to create a Configuration, because no Jakarta Bean Validation provider could be found. Add a provider like Hibernate Validator (RI) to your classpath.
2025-09-07T21:52:15.124+08:00  INFO 19850 --- [crowd] [main] o.s.b.w.embedded.tomcat.TomcatWebServer  : Tomcat started on port 8080 (http) with context path '/crowd'
2025-09-07T21:52:15.128+08:00  INFO 19850 --- [crowd] [main] com.gugu.crowd.CrowdApplication          : Started CrowdApplication in 122.71 seconds (process running for 123.094)
2025-09-07T21:52:15.128+08:00  INFO 19850 --- [crowd] [SpringApplicationShutdownHook] o.s.b.w.e.tomcat.GracefulShutdown        : Commencing graceful shutdown. Waiting for active requests to complete
2025-09-07T21:52:15.130+08:00  INFO 19850 --- [crowd] [tomcat-shutdown] o.s.b.w.e.tomcat.GracefulShutdown        : Graceful shutdown complete
2025-09-07T21:52:16.423+08:00  INFO 19860 --- [crowd] [main] com.gugu.crowd.CrowdApplication          : Starting CrowdApplication using Java 17.0.16 with PID 19860 (/Users/gugu/idea/crowd/target/classes started by gugu in /Users/gugu/idea/crowd)
2025-09-07T21:52:16.424+08:00 DEBUG 19860 --- [crowd] [main] com.gugu.crowd.CrowdApplication          : Running with Spring Boot v3.5.5, Spring v6.2.10
2025-09-07T21:52:16.425+08:00  INFO 19860 --- [crowd] [main] com.gugu.crowd.CrowdApplication          : No active profile set, falling back to 1 default profile: "default"
2025-09-07T21:52:16.793+08:00  INFO 19860 --- [crowd] [main] o.s.b.w.embedded.tomcat.TomcatWebServer  : Tomcat initialized with port 8080 (http)
2025-09-07T21:52:16.797+08:00  INFO 19860 --- [crowd] [main] o.apache.catalina.core.StandardService   : Starting service [Tomcat]
2025-09-07T21:52:16.798+08:00  INFO 19860 --- [crowd] [main] o.apache.catalina.core.StandardEngine    : Starting Servlet engine: [Apache Tomcat/10.1.44]
2025-09-07T21:52:16.818+08:00  INFO 19860 --- [crowd] [main] o.a.c.c.C.[Tomcat].[localhost].[/crowd]  : Initializing Spring embedded WebApplicationContext
2025-09-07T21:52:16.818+08:00  INFO 19860 --- [crowd] [main] w.s.c.ServletWebServerApplicationContext : Root WebApplicationContext: initialization completed in 377 ms
2025-09-07T21:53:16.863+08:00  INFO 19860 --- [crowd] [main] o.s.v.b.OptionalValidatorFactoryBean     : Failed to set up a Bean Validation provider: jakarta.validation.NoProviderFoundException: Unable to create a Configuration, because no Jakarta Bean Validation provider could be found. Add a provider like Hibernate Validator (RI) to your classpath.
2025-09-07T21:53:16.985+08:00  INFO 19860 --- [crowd] [main] o.s.b.w.embedded.tomcat.TomcatWebServer  : Tomcat started on port 8080 (http) with context path '/crowd'
2025-09-07T21:53:16.989+08:00  INFO 19860 --- [crowd] [main] com.gugu.crowd.CrowdApplication          : Started CrowdApplication in 60.731 seconds (process running for 61.104)
2025-09-07T21:53:29.595+08:00  INFO 19860 --- [crowd] [http-nio-8080-exec-1] o.a.c.c.C.[Tomcat].[localhost].[/crowd]  : Initializing Spring DispatcherServlet 'dispatcherServlet'
2025-09-07T21:53:29.595+08:00  INFO 19860 --- [crowd] [http-nio-8080-exec-1] o.s.web.servlet.DispatcherServlet        : Initializing Servlet 'dispatcherServlet'
2025-09-07T21:53:29.596+08:00  INFO 19860 --- [crowd] [http-nio-8080-exec-1] o.s.web.servlet.DispatcherServlet        : Completed initialization in 1 ms
2025-09-07T21:53:29.613+08:00  INFO 19860 --- [crowd] [http-nio-8080-exec-1] com.zaxxer.hikari.HikariDataSource       : HikariPool-1 - Starting...
2025-09-07T21:53:30.632+08:00 ERROR 19860 --- [crowd] [http-nio-8080-exec-1] o.a.c.c.C.[.[.[.[dispatcherServlet]      : Servlet.service() for servlet [dispatcherServlet] in context with path [/crowd] threw exception [Request processing failed: com.zaxxer.hikari.pool.HikariPool$PoolInitializationException: Failed to initialize pool: org/apache/thrift/protocol/TProtocol] with root cause

java.lang.ClassNotFoundException: org.apache.thrift.protocol.TProtocol
	at java.base/jdk.internal.loader.BuiltinClassLoader.loadClass(BuiltinClassLoader.java:641) ~[na:na]
	at java.base/jdk.internal.loader.ClassLoaders$AppClassLoader.loadClass(ClassLoaders.java:188) ~[na:na]
	at java.base/java.lang.ClassLoader.loadClass(ClassLoader.java:525) ~[na:na]
	at org.apache.hive.jdbc.HiveDriver.connect(HiveDriver.java:94) ~[hive-jdbc-4.0.1.jar:4.0.1]
	at com.zaxxer.hikari.util.DriverDataSource.getConnection(DriverDataSource.java:144) ~[HikariCP-6.3.2.jar:na]
	at com.zaxxer.hikari.pool.PoolBase.newConnection(PoolBase.java:370) ~[HikariCP-6.3.2.jar:na]
	at com.zaxxer.hikari.pool.PoolBase.newPoolEntry(PoolBase.java:207) ~[HikariCP-6.3.2.jar:na]
	at com.zaxxer.hikari.pool.HikariPool.createPoolEntry(HikariPool.java:488) ~[HikariCP-6.3.2.jar:na]
	at com.zaxxer.hikari.pool.HikariPool.checkFailFast(HikariPool.java:576) ~[HikariCP-6.3.2.jar:na]
	at com.zaxxer.hikari.pool.HikariPool.<init>(HikariPool.java:97) ~[HikariCP-6.3.2.jar:na]
	at com.zaxxer.hikari.HikariDataSource.getConnection(HikariDataSource.java:111) ~[HikariCP-6.3.2.jar:na]
	at org.springframework.jdbc.datasource.DataSourceUtils.fetchConnection(DataSourceUtils.java:160) ~[spring-jdbc-6.2.10.jar:6.2.10]
	at org.springframework.jdbc.datasource.DataSourceUtils.doGetConnection(DataSourceUtils.java:118) ~[spring-jdbc-6.2.10.jar:6.2.10]
	at org.springframework.jdbc.datasource.DataSourceUtils.getConnection(DataSourceUtils.java:81) ~[spring-jdbc-6.2.10.jar:6.2.10]
	at org.springframework.jdbc.core.JdbcTemplate.execute(JdbcTemplate.java:388) ~[spring-jdbc-6.2.10.jar:6.2.10]
	at org.springframework.jdbc.core.JdbcTemplate.execute(JdbcTemplate.java:444) ~[spring-jdbc-6.2.10.jar:6.2.10]
	at com.gugu.asset.dao.HiveRepository.createTable(HiveRepository.java:29) ~[classes/:na]
	at java.base/jdk.internal.reflect.NativeMethodAccessorImpl.invoke0(Native Method) ~[na:na]
	at java.base/jdk.internal.reflect.NativeMethodAccessorImpl.invoke(NativeMethodAccessorImpl.java:77) ~[na:na]
	at java.base/jdk.internal.reflect.DelegatingMethodAccessorImpl.invoke(DelegatingMethodAccessorImpl.java:43) ~[na:na]
	at java.base/java.lang.reflect.Method.invoke(Method.java:569) ~[na:na]
	at org.springframework.aop.support.AopUtils.invokeJoinpointUsingReflection(AopUtils.java:360) ~[spring-aop-6.2.10.jar:6.2.10]
	at org.springframework.aop.framework.ReflectiveMethodInvocation.invokeJoinpoint(ReflectiveMethodInvocation.java:196) ~[spring-aop-6.2.10.jar:6.2.10]
	at org.springframework.aop.framework.ReflectiveMethodInvocation.proceed(ReflectiveMethodInvocation.java:163) ~[spring-aop-6.2.10.jar:6.2.10]
	at org.springframework.dao.support.PersistenceExceptionTranslationInterceptor.invoke(PersistenceExceptionTranslationInterceptor.java:138) ~[spring-tx-6.2.10.jar:6.2.10]
	at org.springframework.aop.framework.ReflectiveMethodInvocation.proceed(ReflectiveMethodInvocation.java:184) ~[spring-aop-6.2.10.jar:6.2.10]
	at org.springframework.aop.framework.CglibAopProxy$DynamicAdvisedInterceptor.intercept(CglibAopProxy.java:728) ~[spring-aop-6.2.10.jar:6.2.10]
	at com.gugu.asset.dao.HiveRepository$$SpringCGLIB$$0.createTable(<generated>) ~[classes/:na]
	at com.gugu.crowd.service.impl.TestServiceImpl.testHive(TestServiceImpl.java:26) ~[classes/:na]
	at java.base/jdk.internal.reflect.NativeMethodAccessorImpl.invoke0(Native Method) ~[na:na]
	at java.base/jdk.internal.reflect.NativeMethodAccessorImpl.invoke(NativeMethodAccessorImpl.java:77) ~[na:na]
	at java.base/jdk.internal.reflect.DelegatingMethodAccessorImpl.invoke(DelegatingMethodAccessorImpl.java:43) ~[na:na]
	at java.base/java.lang.reflect.Method.invoke(Method.java:569) ~[na:na]
	at org.springframework.aop.support.AopUtils.invokeJoinpointUsingReflection(AopUtils.java:360) ~[spring-aop-6.2.10.jar:6.2.10]
	at org.springframework.aop.framework.CglibAopProxy$DynamicAdvisedInterceptor.intercept(CglibAopProxy.java:724) ~[spring-aop-6.2.10.jar:6.2.10]
	at com.gugu.crowd.service.impl.TestServiceImpl$$SpringCGLIB$$0.testHive(<generated>) ~[classes/:na]
	at com.gugu.crowd.controller.TestController.testHive(TestController.java:30) ~[classes/:na]
	at java.base/jdk.internal.reflect.NativeMethodAccessorImpl.invoke0(Native Method) ~[na:na]
	at java.base/jdk.internal.reflect.NativeMethodAccessorImpl.invoke(NativeMethodAccessorImpl.java:77) ~[na:na]
	at java.base/jdk.internal.reflect.DelegatingMethodAccessorImpl.invoke(DelegatingMethodAccessorImpl.java:43) ~[na:na]
	at java.base/java.lang.reflect.Method.invoke(Method.java:569) ~[na:na]
	at org.springframework.web.method.support.InvocableHandlerMethod.doInvoke(InvocableHandlerMethod.java:258) ~[spring-web-6.2.10.jar:6.2.10]
	at org.springframework.web.method.support.InvocableHandlerMethod.invokeForRequest(InvocableHandlerMethod.java:191) ~[spring-web-6.2.10.jar:6.2.10]
	at org.springframework.web.servlet.mvc.method.annotation.ServletInvocableHandlerMethod.invokeAndHandle(ServletInvocableHandlerMethod.java:118) ~[spring-webmvc-6.2.10.jar:6.2.10]
	at org.springframework.web.servlet.mvc.method.annotation.RequestMappingHandlerAdapter.invokeHandlerMethod(RequestMappingHandlerAdapter.java:991) ~[spring-webmvc-6.2.10.jar:6.2.10]
	at org.springframework.web.servlet.mvc.method.annotation.RequestMappingHandlerAdapter.handleInternal(RequestMappingHandlerAdapter.java:896) ~[spring-webmvc-6.2.10.jar:6.2.10]
	at org.springframework.web.servlet.mvc.method.AbstractHandlerMethodAdapter.handle(AbstractHandlerMethodAdapter.java:87) ~[spring-webmvc-6.2.10.jar:6.2.10]
	at org.springframework.web.servlet.DispatcherServlet.doDispatch(DispatcherServlet.java:1089) ~[spring-webmvc-6.2.10.jar:6.2.10]
	at org.springframework.web.servlet.DispatcherServlet.doService(DispatcherServlet.java:979) ~[spring-webmvc-6.2.10.jar:6.2.10]
	at org.springframework.web.servlet.FrameworkServlet.processRequest(FrameworkServlet.java:1014) ~[spring-webmvc-6.2.10.jar:6.2.10]
	at org.springframework.web.servlet.FrameworkServlet.doGet(FrameworkServlet.java:903) ~[spring-webmvc-6.2.10.jar:6.2.10]
	at jakarta.servlet.http.HttpServlet.service(HttpServlet.java:564) ~[tomcat-embed-core-10.1.44.jar:6.0]
	at org.springframework.web.servlet.FrameworkServlet.service(FrameworkServlet.java:885) ~[spring-webmvc-6.2.10.jar:6.2.10]
	at jakarta.servlet.http.HttpServlet.service(HttpServlet.java:658) ~[tomcat-embed-core-10.1.44.jar:6.0]
	at org.apache.catalina.core.ApplicationFilterChain.internalDoFilter(ApplicationFilterChain.java:195) ~[tomcat-embed-core-10.1.44.jar:10.1.44]
	at org.apache.catalina.core.ApplicationFilterChain.doFilter(ApplicationFilterChain.java:140) ~[tomcat-embed-core-10.1.44.jar:10.1.44]
	at org.apache.tomcat.websocket.server.WsFilter.doFilter(WsFilter.java:51) ~[tomcat-embed-websocket-10.1.44.jar:10.1.44]
	at org.apache.catalina.core.ApplicationFilterChain.internalDoFilter(ApplicationFilterChain.java:164) ~[tomcat-embed-core-10.1.44.jar:10.1.44]
	at org.apache.catalina.core.ApplicationFilterChain.doFilter(ApplicationFilterChain.java:140) ~[tomcat-embed-core-10.1.44.jar:10.1.44]
	at org.springframework.web.filter.RequestContextFilter.doFilterInternal(RequestContextFilter.java:100) ~[spring-web-6.2.10.jar:6.2.10]
	at org.springframework.web.filter.OncePerRequestFilter.doFilter(OncePerRequestFilter.java:116) ~[spring-web-6.2.10.jar:6.2.10]
	at org.apache.catalina.core.ApplicationFilterChain.internalDoFilter(ApplicationFilterChain.java:164) ~[tomcat-embed-core-10.1.44.jar:10.1.44]
	at org.apache.catalina.core.ApplicationFilterChain.doFilter(ApplicationFilterChain.java:140) ~[tomcat-embed-core-10.1.44.jar:10.1.44]
	at org.springframework.web.filter.FormContentFilter.doFilterInternal(FormContentFilter.java:93) ~[spring-web-6.2.10.jar:6.2.10]
	at org.springframework.web.filter.OncePerRequestFilter.doFilter(OncePerRequestFilter.java:116) ~[spring-web-6.2.10.jar:6.2.10]
	at org.apache.catalina.core.ApplicationFilterChain.internalDoFilter(ApplicationFilterChain.java:164) ~[tomcat-embed-core-10.1.44.jar:10.1.44]
	at org.apache.catalina.core.ApplicationFilterChain.doFilter(ApplicationFilterChain.java:140) ~[tomcat-embed-core-10.1.44.jar:10.1.44]
	at org.springframework.web.filter.CharacterEncodingFilter.doFilterInternal(CharacterEncodingFilter.java:201) ~[spring-web-6.2.10.jar:6.2.10]
	at org.springframework.web.filter.OncePerRequestFilter.doFilter(OncePerRequestFilter.java:116) ~[spring-web-6.2.10.jar:6.2.10]
	at org.apache.catalina.core.ApplicationFilterChain.internalDoFilter(ApplicationFilterChain.java:164) ~[tomcat-embed-core-10.1.44.jar:10.1.44]
	at org.apache.catalina.core.ApplicationFilterChain.doFilter(ApplicationFilterChain.java:140) ~[tomcat-embed-core-10.1.44.jar:10.1.44]
	at org.apache.catalina.core.StandardWrapperValve.invoke(StandardWrapperValve.java:167) ~[tomcat-embed-core-10.1.44.jar:10.1.44]
	at org.apache.catalina.core.StandardContextValve.invoke(StandardContextValve.java:90) ~[tomcat-embed-core-10.1.44.jar:10.1.44]
	at org.apache.catalina.authenticator.AuthenticatorBase.invoke(AuthenticatorBase.java:483) ~[tomcat-embed-core-10.1.44.jar:10.1.44]
	at org.apache.catalina.core.StandardHostValve.invoke(StandardHostValve.java:116) ~[tomcat-embed-core-10.1.44.jar:10.1.44]
	at org.apache.catalina.valves.ErrorReportValve.invoke(ErrorReportValve.java:93) ~[tomcat-embed-core-10.1.44.jar:10.1.44]
	at org.apache.catalina.core.StandardEngineValve.invoke(StandardEngineValve.java:74) ~[tomcat-embed-core-10.1.44.jar:10.1.44]
	at org.apache.catalina.connector.CoyoteAdapter.service(CoyoteAdapter.java:344) ~[tomcat-embed-core-10.1.44.jar:10.1.44]
	at org.apache.coyote.http11.Http11Processor.service(Http11Processor.java:398) ~[tomcat-embed-core-10.1.44.jar:10.1.44]
	at org.apache.coyote.AbstractProcessorLight.process(AbstractProcessorLight.java:63) ~[tomcat-embed-core-10.1.44.jar:10.1.44]
	at org.apache.coyote.AbstractProtocol$ConnectionHandler.process(AbstractProtocol.java:903) ~[tomcat-embed-core-10.1.44.jar:10.1.44]
	at org.apache.tomcat.util.net.NioEndpoint$SocketProcessor.doRun(NioEndpoint.java:1769) ~[tomcat-embed-core-10.1.44.jar:10.1.44]
	at org.apache.tomcat.util.net.SocketProcessorBase.run(SocketProcessorBase.java:52) ~[tomcat-embed-core-10.1.44.jar:10.1.44]
	at org.apache.tomcat.util.threads.ThreadPoolExecutor.runWorker(ThreadPoolExecutor.java:1189) ~[tomcat-embed-core-10.1.44.jar:10.1.44]
	at org.apache.tomcat.util.threads.ThreadPoolExecutor$Worker.run(ThreadPoolExecutor.java:658) ~[tomcat-embed-core-10.1.44.jar:10.1.44]
	at org.apache.tomcat.util.threads.TaskThread$WrappingRunnable.run(TaskThread.java:63) ~[tomcat-embed-core-10.1.44.jar:10.1.44]
	at java.base/java.lang.Thread.run(Thread.java:840) ~[na:na]

2025-09-07T21:54:34.692+08:00  INFO 19860 --- [crowd] [SpringApplicationShutdownHook] o.s.b.w.e.tomcat.GracefulShutdown        : Commencing graceful shutdown. Waiting for active requests to complete
2025-09-07T21:54:34.695+08:00  INFO 19860 --- [crowd] [tomcat-shutdown] o.s.b.w.e.tomcat.GracefulShutdown        : Graceful shutdown complete
2025-09-07T21:54:36.713+08:00  INFO 19880 --- [crowd] [main] com.gugu.crowd.CrowdApplication          : Starting CrowdApplication using Java 17.0.16 with PID 19880 (/Users/gugu/idea/crowd/target/classes started by gugu in /Users/gugu/idea/crowd)
2025-09-07T21:54:36.714+08:00 DEBUG 19880 --- [crowd] [main] com.gugu.crowd.CrowdApplication          : Running with Spring Boot v3.5.5, Spring v6.2.10
2025-09-07T21:54:36.714+08:00  INFO 19880 --- [crowd] [main] com.gugu.crowd.CrowdApplication          : No active profile set, falling back to 1 default profile: "default"
2025-09-07T21:54:37.090+08:00  INFO 19880 --- [crowd] [main] o.s.b.w.embedded.tomcat.TomcatWebServer  : Tomcat initialized with port 8080 (http)
2025-09-07T21:54:37.096+08:00  INFO 19880 --- [crowd] [main] o.apache.catalina.core.StandardService   : Starting service [Tomcat]
2025-09-07T21:54:37.096+08:00  INFO 19880 --- [crowd] [main] o.apache.catalina.core.StandardEngine    : Starting Servlet engine: [Apache Tomcat/10.1.44]
2025-09-07T21:54:37.116+08:00  INFO 19880 --- [crowd] [main] o.a.c.c.C.[Tomcat].[localhost].[/crowd]  : Initializing Spring embedded WebApplicationContext
2025-09-07T21:54:37.116+08:00  INFO 19880 --- [crowd] [main] w.s.c.ServletWebServerApplicationContext : Root WebApplicationContext: initialization completed in 387 ms
2025-09-07T21:54:37.269+08:00  INFO 19880 --- [crowd] [main] o.s.v.b.OptionalValidatorFactoryBean     : Failed to set up a Bean Validation provider: jakarta.validation.NoProviderFoundException: Unable to create a Configuration, because no Jakarta Bean Validation provider could be found. Add a provider like Hibernate Validator (RI) to your classpath.
2025-09-07T21:54:37.408+08:00  INFO 19880 --- [crowd] [main] o.s.b.w.embedded.tomcat.TomcatWebServer  : Tomcat started on port 8080 (http) with context path '/crowd'
2025-09-07T21:54:37.412+08:00  INFO 19880 --- [crowd] [main] com.gugu.crowd.CrowdApplication          : Started CrowdApplication in 0.847 seconds (process running for 1.292)
2025-09-07T21:55:10.676+08:00  INFO 19880 --- [crowd] [SpringApplicationShutdownHook] o.s.b.w.e.tomcat.GracefulShutdown        : Commencing graceful shutdown. Waiting for active requests to complete
2025-09-07T21:55:10.679+08:00  INFO 19880 --- [crowd] [tomcat-shutdown] o.s.b.w.e.tomcat.GracefulShutdown        : Graceful shutdown complete
2025-09-07T21:55:11.835+08:00  INFO 19887 --- [crowd] [main] com.gugu.crowd.CrowdApplication          : Starting CrowdApplication using Java 17.0.16 with PID 19887 (/Users/gugu/idea/crowd/target/classes started by gugu in /Users/gugu/idea/crowd)
2025-09-07T21:55:11.835+08:00 DEBUG 19887 --- [crowd] [main] com.gugu.crowd.CrowdApplication          : Running with Spring Boot v3.5.5, Spring v6.2.10
2025-09-07T21:55:11.836+08:00  INFO 19887 --- [crowd] [main] com.gugu.crowd.CrowdApplication          : No active profile set, falling back to 1 default profile: "default"
2025-09-07T21:55:12.224+08:00  INFO 19887 --- [crowd] [main] o.s.b.w.embedded.tomcat.TomcatWebServer  : Tomcat initialized with port 8080 (http)
2025-09-07T21:55:12.229+08:00  INFO 19887 --- [crowd] [main] o.apache.catalina.core.StandardService   : Starting service [Tomcat]
2025-09-07T21:55:12.229+08:00  INFO 19887 --- [crowd] [main] o.apache.catalina.core.StandardEngine    : Starting Servlet engine: [Apache Tomcat/10.1.44]
2025-09-07T21:55:12.249+08:00  INFO 19887 --- [crowd] [main] o.a.c.c.C.[Tomcat].[localhost].[/crowd]  : Initializing Spring embedded WebApplicationContext
2025-09-07T21:55:12.249+08:00  INFO 19887 --- [crowd] [main] w.s.c.ServletWebServerApplicationContext : Root WebApplicationContext: initialization completed in 394 ms
2025-09-07T21:55:12.410+08:00  INFO 19887 --- [crowd] [main] o.s.v.b.OptionalValidatorFactoryBean     : Failed to set up a Bean Validation provider: jakarta.validation.NoProviderFoundException: Unable to create a Configuration, because no Jakarta Bean Validation provider could be found. Add a provider like Hibernate Validator (RI) to your classpath.
2025-09-07T21:55:12.546+08:00  INFO 19887 --- [crowd] [main] o.s.b.w.embedded.tomcat.TomcatWebServer  : Tomcat started on port 8080 (http) with context path '/crowd'
2025-09-07T21:55:12.550+08:00  INFO 19887 --- [crowd] [main] com.gugu.crowd.CrowdApplication          : Started CrowdApplication in 0.899 seconds (process running for 1.28)
2025-09-07T21:55:17.227+08:00  INFO 19887 --- [crowd] [SpringApplicationShutdownHook] o.s.b.w.e.tomcat.GracefulShutdown        : Commencing graceful shutdown. Waiting for active requests to complete
2025-09-07T21:55:17.231+08:00  INFO 19887 --- [crowd] [tomcat-shutdown] o.s.b.w.e.tomcat.GracefulShutdown        : Graceful shutdown complete
2025-09-07T21:55:18.713+08:00  INFO 19891 --- [crowd] [main] com.gugu.crowd.CrowdApplication          : Starting CrowdApplication using Java 17.0.16 with PID 19891 (/Users/gugu/idea/crowd/target/classes started by gugu in /Users/gugu/idea/crowd)
2025-09-07T21:55:18.714+08:00 DEBUG 19891 --- [crowd] [main] com.gugu.crowd.CrowdApplication          : Running with Spring Boot v3.5.5, Spring v6.2.10
2025-09-07T21:55:18.714+08:00  INFO 19891 --- [crowd] [main] com.gugu.crowd.CrowdApplication          : No active profile set, falling back to 1 default profile: "default"
2025-09-07T21:55:19.085+08:00  INFO 19891 --- [crowd] [main] o.s.b.w.embedded.tomcat.TomcatWebServer  : Tomcat initialized with port 8080 (http)
2025-09-07T21:55:19.090+08:00  INFO 19891 --- [crowd] [main] o.apache.catalina.core.StandardService   : Starting service [Tomcat]
2025-09-07T21:55:19.091+08:00  INFO 19891 --- [crowd] [main] o.apache.catalina.core.StandardEngine    : Starting Servlet engine: [Apache Tomcat/10.1.44]
2025-09-07T21:55:19.109+08:00  INFO 19891 --- [crowd] [main] o.a.c.c.C.[Tomcat].[localhost].[/crowd]  : Initializing Spring embedded WebApplicationContext
2025-09-07T21:55:19.109+08:00  INFO 19891 --- [crowd] [main] w.s.c.ServletWebServerApplicationContext : Root WebApplicationContext: initialization completed in 382 ms
2025-09-07T21:55:19.264+08:00  INFO 19891 --- [crowd] [main] o.s.v.b.OptionalValidatorFactoryBean     : Failed to set up a Bean Validation provider: jakarta.validation.NoProviderFoundException: Unable to create a Configuration, because no Jakarta Bean Validation provider could be found. Add a provider like Hibernate Validator (RI) to your classpath.
2025-09-07T21:55:19.405+08:00  INFO 19891 --- [crowd] [main] o.s.b.w.embedded.tomcat.TomcatWebServer  : Tomcat started on port 8080 (http) with context path '/crowd'
2025-09-07T21:55:19.409+08:00  INFO 19891 --- [crowd] [main] com.gugu.crowd.CrowdApplication          : Started CrowdApplication in 0.883 seconds (process running for 1.246)
2025-09-07T21:55:31.512+08:00  INFO 19891 --- [crowd] [http-nio-8080-exec-1] o.a.c.c.C.[Tomcat].[localhost].[/crowd]  : Initializing Spring DispatcherServlet 'dispatcherServlet'
2025-09-07T21:55:31.512+08:00  INFO 19891 --- [crowd] [http-nio-8080-exec-1] o.s.web.servlet.DispatcherServlet        : Initializing Servlet 'dispatcherServlet'
2025-09-07T21:55:31.513+08:00  INFO 19891 --- [crowd] [http-nio-8080-exec-1] o.s.web.servlet.DispatcherServlet        : Completed initialization in 1 ms
2025-09-07T21:55:31.527+08:00  INFO 19891 --- [crowd] [http-nio-8080-exec-1] com.zaxxer.hikari.HikariDataSource       : HikariPool-1 - Starting...
2025-09-07T21:55:32.547+08:00 ERROR 19891 --- [crowd] [http-nio-8080-exec-1] o.a.c.c.C.[.[.[.[dispatcherServlet]      : Servlet.service() for servlet [dispatcherServlet] in context with path [/crowd] threw exception [Request processing failed: com.zaxxer.hikari.pool.HikariPool$PoolInitializationException: Failed to initialize pool: org/apache/hive/service/rpc/thrift/TCLIService$Iface] with root cause

java.lang.ClassNotFoundException: org.apache.hive.service.rpc.thrift.TCLIService$Iface
	at java.base/jdk.internal.loader.BuiltinClassLoader.loadClass(BuiltinClassLoader.java:641) ~[na:na]
	at java.base/jdk.internal.loader.ClassLoaders$AppClassLoader.loadClass(ClassLoaders.java:188) ~[na:na]
	at java.base/java.lang.ClassLoader.loadClass(ClassLoader.java:525) ~[na:na]
	at org.apache.hive.jdbc.HiveDriver.connect(HiveDriver.java:94) ~[hive-jdbc-4.0.1.jar:4.0.1]
	at com.zaxxer.hikari.util.DriverDataSource.getConnection(DriverDataSource.java:144) ~[HikariCP-6.3.2.jar:na]
	at com.zaxxer.hikari.pool.PoolBase.newConnection(PoolBase.java:370) ~[HikariCP-6.3.2.jar:na]
	at com.zaxxer.hikari.pool.PoolBase.newPoolEntry(PoolBase.java:207) ~[HikariCP-6.3.2.jar:na]
	at com.zaxxer.hikari.pool.HikariPool.createPoolEntry(HikariPool.java:488) ~[HikariCP-6.3.2.jar:na]
	at com.zaxxer.hikari.pool.HikariPool.checkFailFast(HikariPool.java:576) ~[HikariCP-6.3.2.jar:na]
	at com.zaxxer.hikari.pool.HikariPool.<init>(HikariPool.java:97) ~[HikariCP-6.3.2.jar:na]
	at com.zaxxer.hikari.HikariDataSource.getConnection(HikariDataSource.java:111) ~[HikariCP-6.3.2.jar:na]
	at org.springframework.jdbc.datasource.DataSourceUtils.fetchConnection(DataSourceUtils.java:160) ~[spring-jdbc-6.2.10.jar:6.2.10]
	at org.springframework.jdbc.datasource.DataSourceUtils.doGetConnection(DataSourceUtils.java:118) ~[spring-jdbc-6.2.10.jar:6.2.10]
	at org.springframework.jdbc.datasource.DataSourceUtils.getConnection(DataSourceUtils.java:81) ~[spring-jdbc-6.2.10.jar:6.2.10]
	at org.springframework.jdbc.core.JdbcTemplate.execute(JdbcTemplate.java:388) ~[spring-jdbc-6.2.10.jar:6.2.10]
	at org.springframework.jdbc.core.JdbcTemplate.execute(JdbcTemplate.java:444) ~[spring-jdbc-6.2.10.jar:6.2.10]
	at com.gugu.asset.dao.HiveRepository.createTable(HiveRepository.java:29) ~[classes/:na]
	at java.base/jdk.internal.reflect.NativeMethodAccessorImpl.invoke0(Native Method) ~[na:na]
	at java.base/jdk.internal.reflect.NativeMethodAccessorImpl.invoke(NativeMethodAccessorImpl.java:77) ~[na:na]
	at java.base/jdk.internal.reflect.DelegatingMethodAccessorImpl.invoke(DelegatingMethodAccessorImpl.java:43) ~[na:na]
	at java.base/java.lang.reflect.Method.invoke(Method.java:569) ~[na:na]
	at org.springframework.aop.support.AopUtils.invokeJoinpointUsingReflection(AopUtils.java:360) ~[spring-aop-6.2.10.jar:6.2.10]
	at org.springframework.aop.framework.ReflectiveMethodInvocation.invokeJoinpoint(ReflectiveMethodInvocation.java:196) ~[spring-aop-6.2.10.jar:6.2.10]
	at org.springframework.aop.framework.ReflectiveMethodInvocation.proceed(ReflectiveMethodInvocation.java:163) ~[spring-aop-6.2.10.jar:6.2.10]
	at org.springframework.dao.support.PersistenceExceptionTranslationInterceptor.invoke(PersistenceExceptionTranslationInterceptor.java:138) ~[spring-tx-6.2.10.jar:6.2.10]
	at org.springframework.aop.framework.ReflectiveMethodInvocation.proceed(ReflectiveMethodInvocation.java:184) ~[spring-aop-6.2.10.jar:6.2.10]
	at org.springframework.aop.framework.CglibAopProxy$DynamicAdvisedInterceptor.intercept(CglibAopProxy.java:728) ~[spring-aop-6.2.10.jar:6.2.10]
	at com.gugu.asset.dao.HiveRepository$$SpringCGLIB$$0.createTable(<generated>) ~[classes/:na]
	at com.gugu.crowd.service.impl.TestServiceImpl.testHive(TestServiceImpl.java:26) ~[classes/:na]
	at java.base/jdk.internal.reflect.NativeMethodAccessorImpl.invoke0(Native Method) ~[na:na]
	at java.base/jdk.internal.reflect.NativeMethodAccessorImpl.invoke(NativeMethodAccessorImpl.java:77) ~[na:na]
	at java.base/jdk.internal.reflect.DelegatingMethodAccessorImpl.invoke(DelegatingMethodAccessorImpl.java:43) ~[na:na]
	at java.base/java.lang.reflect.Method.invoke(Method.java:569) ~[na:na]
	at org.springframework.aop.support.AopUtils.invokeJoinpointUsingReflection(AopUtils.java:360) ~[spring-aop-6.2.10.jar:6.2.10]
	at org.springframework.aop.framework.CglibAopProxy$DynamicAdvisedInterceptor.intercept(CglibAopProxy.java:724) ~[spring-aop-6.2.10.jar:6.2.10]
	at com.gugu.crowd.service.impl.TestServiceImpl$$SpringCGLIB$$0.testHive(<generated>) ~[classes/:na]
	at com.gugu.crowd.controller.TestController.testHive(TestController.java:30) ~[classes/:na]
	at java.base/jdk.internal.reflect.NativeMethodAccessorImpl.invoke0(Native Method) ~[na:na]
	at java.base/jdk.internal.reflect.NativeMethodAccessorImpl.invoke(NativeMethodAccessorImpl.java:77) ~[na:na]
	at java.base/jdk.internal.reflect.DelegatingMethodAccessorImpl.invoke(DelegatingMethodAccessorImpl.java:43) ~[na:na]
	at java.base/java.lang.reflect.Method.invoke(Method.java:569) ~[na:na]
	at org.springframework.web.method.support.InvocableHandlerMethod.doInvoke(InvocableHandlerMethod.java:258) ~[spring-web-6.2.10.jar:6.2.10]
	at org.springframework.web.method.support.InvocableHandlerMethod.invokeForRequest(InvocableHandlerMethod.java:191) ~[spring-web-6.2.10.jar:6.2.10]
	at org.springframework.web.servlet.mvc.method.annotation.ServletInvocableHandlerMethod.invokeAndHandle(ServletInvocableHandlerMethod.java:118) ~[spring-webmvc-6.2.10.jar:6.2.10]
	at org.springframework.web.servlet.mvc.method.annotation.RequestMappingHandlerAdapter.invokeHandlerMethod(RequestMappingHandlerAdapter.java:991) ~[spring-webmvc-6.2.10.jar:6.2.10]
	at org.springframework.web.servlet.mvc.method.annotation.RequestMappingHandlerAdapter.handleInternal(RequestMappingHandlerAdapter.java:896) ~[spring-webmvc-6.2.10.jar:6.2.10]
	at org.springframework.web.servlet.mvc.method.AbstractHandlerMethodAdapter.handle(AbstractHandlerMethodAdapter.java:87) ~[spring-webmvc-6.2.10.jar:6.2.10]
	at org.springframework.web.servlet.DispatcherServlet.doDispatch(DispatcherServlet.java:1089) ~[spring-webmvc-6.2.10.jar:6.2.10]
	at org.springframework.web.servlet.DispatcherServlet.doService(DispatcherServlet.java:979) ~[spring-webmvc-6.2.10.jar:6.2.10]
	at org.springframework.web.servlet.FrameworkServlet.processRequest(FrameworkServlet.java:1014) ~[spring-webmvc-6.2.10.jar:6.2.10]
	at org.springframework.web.servlet.FrameworkServlet.doGet(FrameworkServlet.java:903) ~[spring-webmvc-6.2.10.jar:6.2.10]
	at jakarta.servlet.http.HttpServlet.service(HttpServlet.java:564) ~[tomcat-embed-core-10.1.44.jar:6.0]
	at org.springframework.web.servlet.FrameworkServlet.service(FrameworkServlet.java:885) ~[spring-webmvc-6.2.10.jar:6.2.10]
	at jakarta.servlet.http.HttpServlet.service(HttpServlet.java:658) ~[tomcat-embed-core-10.1.44.jar:6.0]
	at org.apache.catalina.core.ApplicationFilterChain.internalDoFilter(ApplicationFilterChain.java:195) ~[tomcat-embed-core-10.1.44.jar:10.1.44]
	at org.apache.catalina.core.ApplicationFilterChain.doFilter(ApplicationFilterChain.java:140) ~[tomcat-embed-core-10.1.44.jar:10.1.44]
	at org.apache.tomcat.websocket.server.WsFilter.doFilter(WsFilter.java:51) ~[tomcat-embed-websocket-10.1.44.jar:10.1.44]
	at org.apache.catalina.core.ApplicationFilterChain.internalDoFilter(ApplicationFilterChain.java:164) ~[tomcat-embed-core-10.1.44.jar:10.1.44]
	at org.apache.catalina.core.ApplicationFilterChain.doFilter(ApplicationFilterChain.java:140) ~[tomcat-embed-core-10.1.44.jar:10.1.44]
	at org.springframework.web.filter.RequestContextFilter.doFilterInternal(RequestContextFilter.java:100) ~[spring-web-6.2.10.jar:6.2.10]
	at org.springframework.web.filter.OncePerRequestFilter.doFilter(OncePerRequestFilter.java:116) ~[spring-web-6.2.10.jar:6.2.10]
	at org.apache.catalina.core.ApplicationFilterChain.internalDoFilter(ApplicationFilterChain.java:164) ~[tomcat-embed-core-10.1.44.jar:10.1.44]
	at org.apache.catalina.core.ApplicationFilterChain.doFilter(ApplicationFilterChain.java:140) ~[tomcat-embed-core-10.1.44.jar:10.1.44]
	at org.springframework.web.filter.FormContentFilter.doFilterInternal(FormContentFilter.java:93) ~[spring-web-6.2.10.jar:6.2.10]
	at org.springframework.web.filter.OncePerRequestFilter.doFilter(OncePerRequestFilter.java:116) ~[spring-web-6.2.10.jar:6.2.10]
	at org.apache.catalina.core.ApplicationFilterChain.internalDoFilter(ApplicationFilterChain.java:164) ~[tomcat-embed-core-10.1.44.jar:10.1.44]
	at org.apache.catalina.core.ApplicationFilterChain.doFilter(ApplicationFilterChain.java:140) ~[tomcat-embed-core-10.1.44.jar:10.1.44]
	at org.springframework.web.filter.CharacterEncodingFilter.doFilterInternal(CharacterEncodingFilter.java:201) ~[spring-web-6.2.10.jar:6.2.10]
	at org.springframework.web.filter.OncePerRequestFilter.doFilter(OncePerRequestFilter.java:116) ~[spring-web-6.2.10.jar:6.2.10]
	at org.apache.catalina.core.ApplicationFilterChain.internalDoFilter(ApplicationFilterChain.java:164) ~[tomcat-embed-core-10.1.44.jar:10.1.44]
	at org.apache.catalina.core.ApplicationFilterChain.doFilter(ApplicationFilterChain.java:140) ~[tomcat-embed-core-10.1.44.jar:10.1.44]
	at org.apache.catalina.core.StandardWrapperValve.invoke(StandardWrapperValve.java:167) ~[tomcat-embed-core-10.1.44.jar:10.1.44]
	at org.apache.catalina.core.StandardContextValve.invoke(StandardContextValve.java:90) ~[tomcat-embed-core-10.1.44.jar:10.1.44]
	at org.apache.catalina.authenticator.AuthenticatorBase.invoke(AuthenticatorBase.java:483) ~[tomcat-embed-core-10.1.44.jar:10.1.44]
	at org.apache.catalina.core.StandardHostValve.invoke(StandardHostValve.java:116) ~[tomcat-embed-core-10.1.44.jar:10.1.44]
	at org.apache.catalina.valves.ErrorReportValve.invoke(ErrorReportValve.java:93) ~[tomcat-embed-core-10.1.44.jar:10.1.44]
	at org.apache.catalina.core.StandardEngineValve.invoke(StandardEngineValve.java:74) ~[tomcat-embed-core-10.1.44.jar:10.1.44]
	at org.apache.catalina.connector.CoyoteAdapter.service(CoyoteAdapter.java:344) ~[tomcat-embed-core-10.1.44.jar:10.1.44]
	at org.apache.coyote.http11.Http11Processor.service(Http11Processor.java:398) ~[tomcat-embed-core-10.1.44.jar:10.1.44]
	at org.apache.coyote.AbstractProcessorLight.process(AbstractProcessorLight.java:63) ~[tomcat-embed-core-10.1.44.jar:10.1.44]
	at org.apache.coyote.AbstractProtocol$ConnectionHandler.process(AbstractProtocol.java:903) ~[tomcat-embed-core-10.1.44.jar:10.1.44]
	at org.apache.tomcat.util.net.NioEndpoint$SocketProcessor.doRun(NioEndpoint.java:1769) ~[tomcat-embed-core-10.1.44.jar:10.1.44]
	at org.apache.tomcat.util.net.SocketProcessorBase.run(SocketProcessorBase.java:52) ~[tomcat-embed-core-10.1.44.jar:10.1.44]
	at org.apache.tomcat.util.threads.ThreadPoolExecutor.runWorker(ThreadPoolExecutor.java:1189) ~[tomcat-embed-core-10.1.44.jar:10.1.44]
	at org.apache.tomcat.util.threads.ThreadPoolExecutor$Worker.run(ThreadPoolExecutor.java:658) ~[tomcat-embed-core-10.1.44.jar:10.1.44]
	at org.apache.tomcat.util.threads.TaskThread$WrappingRunnable.run(TaskThread.java:63) ~[tomcat-embed-core-10.1.44.jar:10.1.44]
	at java.base/java.lang.Thread.run(Thread.java:840) ~[na:na]

2025-09-07T21:57:31.571+08:00  INFO 19891 --- [crowd] [SpringApplicationShutdownHook] o.s.b.w.e.tomcat.GracefulShutdown        : Commencing graceful shutdown. Waiting for active requests to complete
2025-09-07T21:57:31.574+08:00  INFO 19891 --- [crowd] [tomcat-shutdown] o.s.b.w.e.tomcat.GracefulShutdown        : Graceful shutdown complete
2025-09-07T21:57:57.173+08:00  INFO 19902 --- [crowd] [main] com.gugu.crowd.CrowdApplication          : Starting CrowdApplication using Java 17.0.16 with PID 19902 (/Users/gugu/idea/crowd/target/classes started by gugu in /Users/gugu/idea/crowd)
2025-09-07T21:57:57.174+08:00 DEBUG 19902 --- [crowd] [main] com.gugu.crowd.CrowdApplication          : Running with Spring Boot v3.5.5, Spring v6.2.10
2025-09-07T21:57:57.174+08:00  INFO 19902 --- [crowd] [main] com.gugu.crowd.CrowdApplication          : No active profile set, falling back to 1 default profile: "default"
2025-09-07T21:57:57.550+08:00  INFO 19902 --- [crowd] [main] o.s.b.w.embedded.tomcat.TomcatWebServer  : Tomcat initialized with port 8080 (http)
2025-09-07T21:57:57.556+08:00  INFO 19902 --- [crowd] [main] o.apache.catalina.core.StandardService   : Starting service [Tomcat]
2025-09-07T21:57:57.556+08:00  INFO 19902 --- [crowd] [main] o.apache.catalina.core.StandardEngine    : Starting Servlet engine: [Apache Tomcat/10.1.44]
2025-09-07T21:57:57.575+08:00  INFO 19902 --- [crowd] [main] o.a.c.c.C.[Tomcat].[localhost].[/crowd]  : Initializing Spring embedded WebApplicationContext
2025-09-07T21:57:57.575+08:00  INFO 19902 --- [crowd] [main] w.s.c.ServletWebServerApplicationContext : Root WebApplicationContext: initialization completed in 385 ms
2025-09-07T21:57:57.729+08:00  INFO 19902 --- [crowd] [main] o.s.v.b.OptionalValidatorFactoryBean     : Failed to set up a Bean Validation provider: jakarta.validation.NoProviderFoundException: Unable to create a Configuration, because no Jakarta Bean Validation provider could be found. Add a provider like Hibernate Validator (RI) to your classpath.
2025-09-07T21:57:57.873+08:00  INFO 19902 --- [crowd] [main] o.s.b.w.embedded.tomcat.TomcatWebServer  : Tomcat started on port 8080 (http) with context path '/crowd'
2025-09-07T21:57:57.877+08:00  INFO 19902 --- [crowd] [main] com.gugu.crowd.CrowdApplication          : Started CrowdApplication in 0.857 seconds (process running for 1.247)
2025-09-07T22:33:46.006+08:00  INFO 19902 --- [crowd] [http-nio-8080-exec-1] o.a.c.c.C.[Tomcat].[localhost].[/crowd]  : Initializing Spring DispatcherServlet 'dispatcherServlet'
2025-09-07T22:33:46.006+08:00  INFO 19902 --- [crowd] [http-nio-8080-exec-1] o.s.web.servlet.DispatcherServlet        : Initializing Servlet 'dispatcherServlet'
2025-09-07T22:33:46.007+08:00  INFO 19902 --- [crowd] [http-nio-8080-exec-1] o.s.web.servlet.DispatcherServlet        : Completed initialization in 1 ms
2025-09-07T22:33:46.027+08:00  INFO 19902 --- [crowd] [http-nio-8080-exec-1] com.zaxxer.hikari.HikariDataSource       : HikariPool-1 - Starting...
2025-09-07T22:33:47.048+08:00 ERROR 19902 --- [crowd] [http-nio-8080-exec-1] o.a.c.c.C.[.[.[.[dispatcherServlet]      : Servlet.service() for servlet [dispatcherServlet] in context with path [/crowd] threw exception [Request processing failed: com.zaxxer.hikari.pool.HikariPool$PoolInitializationException: Failed to initialize pool: org/apache/hive/service/rpc/thrift/TCLIService$Iface] with root cause

java.lang.ClassNotFoundException: org.apache.hive.service.rpc.thrift.TCLIService$Iface
	at java.base/jdk.internal.loader.BuiltinClassLoader.loadClass(BuiltinClassLoader.java:641) ~[na:na]
	at java.base/jdk.internal.loader.ClassLoaders$AppClassLoader.loadClass(ClassLoaders.java:188) ~[na:na]
	at java.base/java.lang.ClassLoader.loadClass(ClassLoader.java:525) ~[na:na]
	at org.apache.hive.jdbc.HiveDriver.connect(HiveDriver.java:94) ~[hive-jdbc-4.0.1.jar:4.0.1]
	at com.zaxxer.hikari.util.DriverDataSource.getConnection(DriverDataSource.java:144) ~[HikariCP-6.3.2.jar:na]
	at com.zaxxer.hikari.pool.PoolBase.newConnection(PoolBase.java:370) ~[HikariCP-6.3.2.jar:na]
	at com.zaxxer.hikari.pool.PoolBase.newPoolEntry(PoolBase.java:207) ~[HikariCP-6.3.2.jar:na]
	at com.zaxxer.hikari.pool.HikariPool.createPoolEntry(HikariPool.java:488) ~[HikariCP-6.3.2.jar:na]
	at com.zaxxer.hikari.pool.HikariPool.checkFailFast(HikariPool.java:576) ~[HikariCP-6.3.2.jar:na]
	at com.zaxxer.hikari.pool.HikariPool.<init>(HikariPool.java:97) ~[HikariCP-6.3.2.jar:na]
	at com.zaxxer.hikari.HikariDataSource.getConnection(HikariDataSource.java:111) ~[HikariCP-6.3.2.jar:na]
	at org.springframework.jdbc.datasource.DataSourceUtils.fetchConnection(DataSourceUtils.java:160) ~[spring-jdbc-6.2.10.jar:6.2.10]
	at org.springframework.jdbc.datasource.DataSourceUtils.doGetConnection(DataSourceUtils.java:118) ~[spring-jdbc-6.2.10.jar:6.2.10]
	at org.springframework.jdbc.datasource.DataSourceUtils.getConnection(DataSourceUtils.java:81) ~[spring-jdbc-6.2.10.jar:6.2.10]
	at org.springframework.jdbc.core.JdbcTemplate.execute(JdbcTemplate.java:388) ~[spring-jdbc-6.2.10.jar:6.2.10]
	at org.springframework.jdbc.core.JdbcTemplate.execute(JdbcTemplate.java:444) ~[spring-jdbc-6.2.10.jar:6.2.10]
	at com.gugu.asset.dao.HiveRepository.createTable(HiveRepository.java:29) ~[classes/:na]
	at java.base/jdk.internal.reflect.NativeMethodAccessorImpl.invoke0(Native Method) ~[na:na]
	at java.base/jdk.internal.reflect.NativeMethodAccessorImpl.invoke(NativeMethodAccessorImpl.java:77) ~[na:na]
	at java.base/jdk.internal.reflect.DelegatingMethodAccessorImpl.invoke(DelegatingMethodAccessorImpl.java:43) ~[na:na]
	at java.base/java.lang.reflect.Method.invoke(Method.java:569) ~[na:na]
	at org.springframework.aop.support.AopUtils.invokeJoinpointUsingReflection(AopUtils.java:360) ~[spring-aop-6.2.10.jar:6.2.10]
	at org.springframework.aop.framework.ReflectiveMethodInvocation.invokeJoinpoint(ReflectiveMethodInvocation.java:196) ~[spring-aop-6.2.10.jar:6.2.10]
	at org.springframework.aop.framework.ReflectiveMethodInvocation.proceed(ReflectiveMethodInvocation.java:163) ~[spring-aop-6.2.10.jar:6.2.10]
	at org.springframework.dao.support.PersistenceExceptionTranslationInterceptor.invoke(PersistenceExceptionTranslationInterceptor.java:138) ~[spring-tx-6.2.10.jar:6.2.10]
	at org.springframework.aop.framework.ReflectiveMethodInvocation.proceed(ReflectiveMethodInvocation.java:184) ~[spring-aop-6.2.10.jar:6.2.10]
	at org.springframework.aop.framework.CglibAopProxy$DynamicAdvisedInterceptor.intercept(CglibAopProxy.java:728) ~[spring-aop-6.2.10.jar:6.2.10]
	at com.gugu.asset.dao.HiveRepository$$SpringCGLIB$$0.createTable(<generated>) ~[classes/:na]
	at com.gugu.crowd.service.impl.TestServiceImpl.testHive(TestServiceImpl.java:26) ~[classes/:na]
	at java.base/jdk.internal.reflect.NativeMethodAccessorImpl.invoke0(Native Method) ~[na:na]
	at java.base/jdk.internal.reflect.NativeMethodAccessorImpl.invoke(NativeMethodAccessorImpl.java:77) ~[na:na]
	at java.base/jdk.internal.reflect.DelegatingMethodAccessorImpl.invoke(DelegatingMethodAccessorImpl.java:43) ~[na:na]
	at java.base/java.lang.reflect.Method.invoke(Method.java:569) ~[na:na]
	at org.springframework.aop.support.AopUtils.invokeJoinpointUsingReflection(AopUtils.java:360) ~[spring-aop-6.2.10.jar:6.2.10]
	at org.springframework.aop.framework.CglibAopProxy$DynamicAdvisedInterceptor.intercept(CglibAopProxy.java:724) ~[spring-aop-6.2.10.jar:6.2.10]
	at com.gugu.crowd.service.impl.TestServiceImpl$$SpringCGLIB$$0.testHive(<generated>) ~[classes/:na]
	at com.gugu.crowd.controller.TestController.testHive(TestController.java:30) ~[classes/:na]
	at java.base/jdk.internal.reflect.NativeMethodAccessorImpl.invoke0(Native Method) ~[na:na]
	at java.base/jdk.internal.reflect.NativeMethodAccessorImpl.invoke(NativeMethodAccessorImpl.java:77) ~[na:na]
	at java.base/jdk.internal.reflect.DelegatingMethodAccessorImpl.invoke(DelegatingMethodAccessorImpl.java:43) ~[na:na]
	at java.base/java.lang.reflect.Method.invoke(Method.java:569) ~[na:na]
	at org.springframework.web.method.support.InvocableHandlerMethod.doInvoke(InvocableHandlerMethod.java:258) ~[spring-web-6.2.10.jar:6.2.10]
	at org.springframework.web.method.support.InvocableHandlerMethod.invokeForRequest(InvocableHandlerMethod.java:191) ~[spring-web-6.2.10.jar:6.2.10]
	at org.springframework.web.servlet.mvc.method.annotation.ServletInvocableHandlerMethod.invokeAndHandle(ServletInvocableHandlerMethod.java:118) ~[spring-webmvc-6.2.10.jar:6.2.10]
	at org.springframework.web.servlet.mvc.method.annotation.RequestMappingHandlerAdapter.invokeHandlerMethod(RequestMappingHandlerAdapter.java:991) ~[spring-webmvc-6.2.10.jar:6.2.10]
	at org.springframework.web.servlet.mvc.method.annotation.RequestMappingHandlerAdapter.handleInternal(RequestMappingHandlerAdapter.java:896) ~[spring-webmvc-6.2.10.jar:6.2.10]
	at org.springframework.web.servlet.mvc.method.AbstractHandlerMethodAdapter.handle(AbstractHandlerMethodAdapter.java:87) ~[spring-webmvc-6.2.10.jar:6.2.10]
	at org.springframework.web.servlet.DispatcherServlet.doDispatch(DispatcherServlet.java:1089) ~[spring-webmvc-6.2.10.jar:6.2.10]
	at org.springframework.web.servlet.DispatcherServlet.doService(DispatcherServlet.java:979) ~[spring-webmvc-6.2.10.jar:6.2.10]
	at org.springframework.web.servlet.FrameworkServlet.processRequest(FrameworkServlet.java:1014) ~[spring-webmvc-6.2.10.jar:6.2.10]
	at org.springframework.web.servlet.FrameworkServlet.doGet(FrameworkServlet.java:903) ~[spring-webmvc-6.2.10.jar:6.2.10]
	at jakarta.servlet.http.HttpServlet.service(HttpServlet.java:564) ~[tomcat-embed-core-10.1.44.jar:6.0]
	at org.springframework.web.servlet.FrameworkServlet.service(FrameworkServlet.java:885) ~[spring-webmvc-6.2.10.jar:6.2.10]
	at jakarta.servlet.http.HttpServlet.service(HttpServlet.java:658) ~[tomcat-embed-core-10.1.44.jar:6.0]
	at org.apache.catalina.core.ApplicationFilterChain.internalDoFilter(ApplicationFilterChain.java:195) ~[tomcat-embed-core-10.1.44.jar:10.1.44]
	at org.apache.catalina.core.ApplicationFilterChain.doFilter(ApplicationFilterChain.java:140) ~[tomcat-embed-core-10.1.44.jar:10.1.44]
	at org.apache.tomcat.websocket.server.WsFilter.doFilter(WsFilter.java:51) ~[tomcat-embed-websocket-10.1.44.jar:10.1.44]
	at org.apache.catalina.core.ApplicationFilterChain.internalDoFilter(ApplicationFilterChain.java:164) ~[tomcat-embed-core-10.1.44.jar:10.1.44]
	at org.apache.catalina.core.ApplicationFilterChain.doFilter(ApplicationFilterChain.java:140) ~[tomcat-embed-core-10.1.44.jar:10.1.44]
	at org.springframework.web.filter.RequestContextFilter.doFilterInternal(RequestContextFilter.java:100) ~[spring-web-6.2.10.jar:6.2.10]
	at org.springframework.web.filter.OncePerRequestFilter.doFilter(OncePerRequestFilter.java:116) ~[spring-web-6.2.10.jar:6.2.10]
	at org.apache.catalina.core.ApplicationFilterChain.internalDoFilter(ApplicationFilterChain.java:164) ~[tomcat-embed-core-10.1.44.jar:10.1.44]
	at org.apache.catalina.core.ApplicationFilterChain.doFilter(ApplicationFilterChain.java:140) ~[tomcat-embed-core-10.1.44.jar:10.1.44]
	at org.springframework.web.filter.FormContentFilter.doFilterInternal(FormContentFilter.java:93) ~[spring-web-6.2.10.jar:6.2.10]
	at org.springframework.web.filter.OncePerRequestFilter.doFilter(OncePerRequestFilter.java:116) ~[spring-web-6.2.10.jar:6.2.10]
	at org.apache.catalina.core.ApplicationFilterChain.internalDoFilter(ApplicationFilterChain.java:164) ~[tomcat-embed-core-10.1.44.jar:10.1.44]
	at org.apache.catalina.core.ApplicationFilterChain.doFilter(ApplicationFilterChain.java:140) ~[tomcat-embed-core-10.1.44.jar:10.1.44]
	at org.springframework.web.filter.CharacterEncodingFilter.doFilterInternal(CharacterEncodingFilter.java:201) ~[spring-web-6.2.10.jar:6.2.10]
	at org.springframework.web.filter.OncePerRequestFilter.doFilter(OncePerRequestFilter.java:116) ~[spring-web-6.2.10.jar:6.2.10]
	at org.apache.catalina.core.ApplicationFilterChain.internalDoFilter(ApplicationFilterChain.java:164) ~[tomcat-embed-core-10.1.44.jar:10.1.44]
	at org.apache.catalina.core.ApplicationFilterChain.doFilter(ApplicationFilterChain.java:140) ~[tomcat-embed-core-10.1.44.jar:10.1.44]
	at org.apache.catalina.core.StandardWrapperValve.invoke(StandardWrapperValve.java:167) ~[tomcat-embed-core-10.1.44.jar:10.1.44]
	at org.apache.catalina.core.StandardContextValve.invoke(StandardContextValve.java:90) ~[tomcat-embed-core-10.1.44.jar:10.1.44]
	at org.apache.catalina.authenticator.AuthenticatorBase.invoke(AuthenticatorBase.java:483) ~[tomcat-embed-core-10.1.44.jar:10.1.44]
	at org.apache.catalina.core.StandardHostValve.invoke(StandardHostValve.java:116) ~[tomcat-embed-core-10.1.44.jar:10.1.44]
	at org.apache.catalina.valves.ErrorReportValve.invoke(ErrorReportValve.java:93) ~[tomcat-embed-core-10.1.44.jar:10.1.44]
	at org.apache.catalina.core.StandardEngineValve.invoke(StandardEngineValve.java:74) ~[tomcat-embed-core-10.1.44.jar:10.1.44]
	at org.apache.catalina.connector.CoyoteAdapter.service(CoyoteAdapter.java:344) ~[tomcat-embed-core-10.1.44.jar:10.1.44]
	at org.apache.coyote.http11.Http11Processor.service(Http11Processor.java:398) ~[tomcat-embed-core-10.1.44.jar:10.1.44]
	at org.apache.coyote.AbstractProcessorLight.process(AbstractProcessorLight.java:63) ~[tomcat-embed-core-10.1.44.jar:10.1.44]
	at org.apache.coyote.AbstractProtocol$ConnectionHandler.process(AbstractProtocol.java:903) ~[tomcat-embed-core-10.1.44.jar:10.1.44]
	at org.apache.tomcat.util.net.NioEndpoint$SocketProcessor.doRun(NioEndpoint.java:1769) ~[tomcat-embed-core-10.1.44.jar:10.1.44]
	at org.apache.tomcat.util.net.SocketProcessorBase.run(SocketProcessorBase.java:52) ~[tomcat-embed-core-10.1.44.jar:10.1.44]
	at org.apache.tomcat.util.threads.ThreadPoolExecutor.runWorker(ThreadPoolExecutor.java:1189) ~[tomcat-embed-core-10.1.44.jar:10.1.44]
	at org.apache.tomcat.util.threads.ThreadPoolExecutor$Worker.run(ThreadPoolExecutor.java:658) ~[tomcat-embed-core-10.1.44.jar:10.1.44]
	at org.apache.tomcat.util.threads.TaskThread$WrappingRunnable.run(TaskThread.java:63) ~[tomcat-embed-core-10.1.44.jar:10.1.44]
	at java.base/java.lang.Thread.run(Thread.java:840) ~[na:na]

2025-09-07T22:34:01.999+08:00  INFO 19902 --- [crowd] [SpringApplicationShutdownHook] o.s.b.w.e.tomcat.GracefulShutdown        : Commencing graceful shutdown. Waiting for active requests to complete
2025-09-07T22:34:02.002+08:00  INFO 19902 --- [crowd] [tomcat-shutdown] o.s.b.w.e.tomcat.GracefulShutdown        : Graceful shutdown complete
